warning package.json: License should be a valid SPDX license expression
$ tsup
CLI Building entry: {"index":"src/index.ts","connectors/miniProgram":"connectors/miniProgram/index.ts","connectors/binanceWallet":"connectors/binanceWallet/index.ts","connectors/blocto":"connectors/blocto/index.ts","connectors/trustWallet":"connectors/trustWallet/index.ts"}
CLI Using tsconfig: tsconfig.json
CLI tsup v6.2.3
CLI Using tsup config: /Users/dungngo97/Documents/MyProjects/testing/packages/wagmi/tsup.config.ts
CLI Target: node14
ESM Build start
CJS Build start
ESM dist/connectors/miniProgram.mjs   2.14 KB
ESM dist/connectors/trustWallet.mjs   3.71 KB
ESM dist/connectors/binanceWallet.mjs 3.17 KB
ESM dist/index.mjs                    2.33 KB
ESM dist/connectors/blocto.mjs        4.59 KB
ESM ⚡️ Build success in 30ms
CJS dist/connectors/miniProgram.js   3.22 KB
CJS dist/index.js                    3.96 KB
CJS dist/connectors/binanceWallet.js 4.25 KB
CJS dist/connectors/blocto.js        6.02 KB
CJS dist/connectors/trustWallet.js   4.88 KB
CJS ⚡️ Build success in 28ms
DTS Build start
DTS ⚡️ Build success in 2794ms
DTS dist/index.d.ts                    1.13 KB
DTS dist/connectors/miniProgram.d.ts   817.00 B
DTS dist/connectors/binanceWallet.d.ts 1.52 KB
DTS dist/connectors/blocto.d.ts        1.45 KB
DTS dist/connectors/trustWallet.d.ts   958.00 B
